<?xml version="1.0" encoding="UTF-8"?>
<testsuite name="DateValidator_test" tests="5" skipped="0" failures="0" errors="0" timestamp="2025-10-31T06:17:40.968Z" hostname="DESKTOP-GA59K42" time="0.098">
  <properties/>
  <testcase name="invalidDueToYear()" classname="DateValidator_test" time="0.074"/>
  <testcase name="invalidDueToMonth()" classname="DateValidator_test" time="0.002"/>
  <testcase name="validDate()" classname="DateValidator_test" time="0.006"/>
  <testcase name="invalidDueToLeapYear()" classname="DateValidator_test" time="0.003"/>
  <testcase name="invalidDueTDay()" classname="DateValidator_test" time="0.002"/>
  <system-out><![CDATA[]]></system-out>
  <system-err><![CDATA[]]></system-err>
</testsuite>
